# JRE version: Java(TM) SE Runtime Environment (8.0_181-b13) (build 1.8.0_181-b13)
# Java VM: Java HotSpot(TM) 64-Bit Server VM (25.181-b13 mixed mode windows-amd64 compressed oops)
Heap:
 PSYoungGen      total 110080K, used 31560K [0x00000000d5980000, 0x00000000e0200000, 0x0000000100000000)
  eden space 97792K, 19% used [0x00000000d5980000,0x00000000d6c54748,0x00000000db900000)
  from space 12288K, 99% used [0x00000000db900000,0x00000000dc4fda60,0x00000000dc500000)
  to   space 15360K, 0% used [0x00000000df300000,0x00000000df300000,0x00000000e0200000)
 ParOldGen       total 60416K, used 10757K [0x0000000080c00000, 0x0000000084700000, 0x00000000d5980000)
  object space 60416K, 17% used [0x0000000080c00000,0x0000000081681468,0x0000000084700000)
 Metaspace       used 33602K, capacity 34050K, committed 34560K, reserved 1079296K
  class space    used 4144K, capacity 4264K, committed 4352K, reserved 1048576K
GC Heap History (10 events):
Event: 1.218 GC heap before
{Heap before GC invocations=4 (full 0):
 PSYoungGen      total 38400K, used 17901K [0x00000000d5980000, 0x00000000da480000, 0x0000000100000000)
  eden space 33280K, 38% used [0x00000000d5980000,0x00000000d65fbc20,0x00000000d7a00000)
  from space 5120K, 99% used [0x00000000d7a00000,0x00000000d7eff880,0x00000000d7f00000)
  to   space 5120K, 0% used [0x00000000d9f80000,0x00000000d9f80000,0x00000000da480000)
 ParOldGen       total 87552K, used 7110K [0x0000000080c00000, 0x0000000086180000, 0x00000000d5980000)
  object space 87552K, 8% used [0x0000000080c00000,0x00000000812f1838,0x0000000086180000)
 Metaspace       used 20821K, capacity 21114K, committed 21296K, reserved 1069056K
  class space    used 2502K, capacity 2601K, committed 2688K, reserved 1048576K
Event: 1.223 GC heap after
Heap after GC invocations=4 (full 0):
 PSYoungGen      total 71680K, used 5112K [0x00000000d5980000, 0x00000000da480000, 0x0000000100000000)
  eden space 66560K, 0% used [0x00000000d5980000,0x00000000d5980000,0x00000000d9a80000)
  from space 5120K, 99% used [0x00000000d9f80000,0x00000000da47e010,0x00000000da480000)
  to   space 5120K, 0% used [0x00000000d9a80000,0x00000000d9a80000,0x00000000d9f80000)
 ParOldGen       total 87552K, used 7854K [0x0000000080c00000, 0x0000000086180000, 0x00000000d5980000)
  object space 87552K, 8% used [0x0000000080c00000,0x00000000813ab9e0,0x0000000086180000)
 Metaspace       used 20821K, capacity 21114K, committed 21296K, reserved 1069056K
  class space    used 2502K, capacity 2601K, committed 2688K, reserved 1048576K
}
Event: 1.223 GC heap before
{Heap before GC invocations=5 (full 1):
 PSYoungGen      total 71680K, used 5112K [0x00000000d5980000, 0x00000000da480000, 0x0000000100000000)
  eden space 66560K, 0% used [0x00000000d5980000,0x00000000d5980000,0x00000000d9a80000)
  from space 5120K, 99% used [0x00000000d9f80000,0x00000000da47e010,0x00000000da480000)
  to   space 5120K, 0% used [0x00000000d9a80000,0x00000000d9a80000,0x00000000d9f80000)
 ParOldGen       total 87552K, used 7854K [0x0000000080c00000, 0x0000000086180000, 0x00000000d5980000)
  object space 87552K, 8% used [0x0000000080c00000,0x00000000813ab9e0,0x0000000086180000)
 Metaspace       used 20821K, capacity 21114K, committed 21296K, reserved 1069056K
  class space    used 2502K, capacity 2601K, committed 2688K, reserved 1048576K
Event: 1.251 GC heap after
Heap after GC invocations=5 (full 1):
 PSYoungGen      total 71680K, used 0K [0x00000000d5980000, 0x00000000da480000, 0x0000000100000000)
  eden space 66560K, 0% used [0x00000000d5980000,0x00000000d5980000,0x00000000d9a80000)
  from space 5120K, 0% used [0x00000000d9f80000,0x00000000d9f80000,0x00000000da480000)
  to   space 5120K, 0% used [0x00000000d9a80000,0x00000000d9a80000,0x00000000d9f80000)
 ParOldGen       total 60416K, used 6839K [0x0000000080c00000, 0x0000000084700000, 0x00000000d5980000)
  object space 60416K, 11% used [0x0000000080c00000,0x00000000812addc0,0x0000000084700000)
 Metaspace       used 20821K, capacity 21114K, committed 21296K, reserved 1069056K
  class space    used 2502K, capacity 2601K, committed 2688K, reserved 1048576K
}
Event: 1.869 GC heap before
{Heap before GC invocations=6 (full 1):
 PSYoungGen      total 71680K, used 66560K [0x00000000d5980000, 0x00000000da480000, 0x0000000100000000)
  eden space 66560K, 100% used [0x00000000d5980000,0x00000000d9a80000,0x00000000d9a80000)
  from space 5120K, 0% used [0x00000000d9f80000,0x00000000d9f80000,0x00000000da480000)
  to   space 5120K, 0% used [0x00000000d9a80000,0x00000000d9a80000,0x00000000d9f80000)
 ParOldGen       total 60416K, used 6839K [0x0000000080c00000, 0x0000000084700000, 0x00000000d5980000)
  object space 60416K, 11% used [0x0000000080c00000,0x00000000812addc0,0x0000000084700000)
 Metaspace       used 23129K, capacity 23542K, committed 23680K, reserved 1071104K
  class space    used 2814K, capacity 2934K, committed 2944K, reserved 1048576K
Event: 1.874 GC heap after
Heap after GC invocations=6 (full 1):
 PSYoungGen      total 71680K, used 4523K [0x00000000d5980000, 0x00000000dcf00000, 0x0000000100000000)
  eden space 66560K, 0% used [0x00000000d5980000,0x00000000d5980000,0x00000000d9a80000)
  from space 5120K, 88% used [0x00000000d9a80000,0x00000000d9eeada8,0x00000000d9f80000)
  to   space 10240K, 0% used [0x00000000dc500000,0x00000000dc500000,0x00000000dcf00000)
 ParOldGen       total 60416K, used 6847K [0x0000000080c00000, 0x0000000084700000, 0x00000000d5980000)
  object space 60416K, 11% used [0x0000000080c00000,0x00000000812afdc0,0x0000000084700000)
 Metaspace       used 23129K, capacity 23542K, committed 23680K, reserved 1071104K
  class space    used 2814K, capacity 2934K, committed 2944K, reserved 1048576K
}
Event: 2.611 GC heap before
{Heap before GC invocations=7 (full 1):
 PSYoungGen      total 71680K, used 71083K [0x00000000d5980000, 0x00000000dcf00000, 0x0000000100000000)
  eden space 66560K, 100% used [0x00000000d5980000,0x00000000d9a80000,0x00000000d9a80000)
  from space 5120K, 88% used [0x00000000d9a80000,0x00000000d9eeada8,0x00000000d9f80000)
  to   space 10240K, 0% used [0x00000000dc500000,0x00000000dc500000,0x00000000dcf00000)
 ParOldGen       total 60416K, used 6847K [0x0000000080c00000, 0x0000000084700000, 0x00000000d5980000)
  object space 60416K, 11% used [0x0000000080c00000,0x00000000812afdc0,0x0000000084700000)
 Metaspace       used 28089K, capacity 28480K, committed 28672K, reserved 1075200K
  class space    used 3439K, capacity 3549K, committed 3584K, reserved 1048576K
Event: 2.619 GC heap after
Heap after GC invocations=7 (full 1):
 PSYoungGen      total 108032K, used 10236K [0x00000000d5980000, 0x00000000dd100000, 0x0000000100000000)
  eden space 97792K, 0% used [0x00000000d5980000,0x00000000d5980000,0x00000000db900000)
  from space 10240K, 99% used [0x00000000dc500000,0x00000000dceff2f0,0x00000000dcf00000)
  to   space 12288K, 0% used [0x00000000db900000,0x00000000db900000,0x00000000dc500000)
 ParOldGen       total 60416K, used 7761K [0x0000000080c00000, 0x0000000084700000, 0x00000000d5980000)
  object space 60416K, 12% used [0x0000000080c00000,0x0000000081394788,0x0000000084700000)
 Metaspace       used 28089K, capacity 28480K, committed 28672K, reserved 1075200K
  class space    used 3439K, capacity 3549K, committed 3584K, reserved 1048576K
}
Event: 3.374 GC heap before
{Heap before GC invocations=8 (full 1):
 PSYoungGen      total 108032K, used 108028K [0x00000000d5980000, 0x00000000dd100000, 0x0000000100000000)
  eden space 97792K, 100% used [0x00000000d5980000,0x00000000db900000,0x00000000db900000)
  from space 10240K, 99% used [0x00000000dc500000,0x00000000dceff2f0,0x00000000dcf00000)
  to   space 12288K, 0% used [0x00000000db900000,0x00000000db900000,0x00000000dc500000)
 ParOldGen       total 60416K, used 7761K [0x0000000080c00000, 0x0000000084700000, 0x00000000d5980000)
  object space 60416K, 12% used [0x0000000080c00000,0x0000000081394788,0x0000000084700000)
 Metaspace       used 33172K, capacity 33598K, committed 34048K, reserved 1079296K
  class space    used 4088K, capacity 4226K, committed 4352K, reserved 1048576K
Event: 3.386 GC heap after
Heap after GC invocations=8 (full 1):
 PSYoungGen      total 110080K, used 12278K [0x00000000d5980000, 0x00000000e0200000, 0x0000000100000000)
  eden space 97792K, 0% used [0x00000000d5980000,0x00000000d5980000,0x00000000db900000)
  from space 12288K, 99% used [0x00000000db900000,0x00000000dc4fda60,0x00000000dc500000)
  to   space 15360K, 0% used [0x00000000df300000,0x00000000df300000,0x00000000e0200000)
 ParOldGen       total 60416K, used 10757K [0x0000000080c00000, 0x0000000084700000, 0x00000000d5980000)
  object space 60416K, 17% used [0x0000000080c00000,0x0000000081681468,0x0000000084700000)
 Metaspace       used 33172K, capacity 33598K, committed 34048K, reserved 1079296K
  class space    used 4088K, capacity 4226K, committed 4352K, reserved 1048576K
}

